2018-12-18T02:11:35.891Z - normal: Load ~/.CocosCreator/settings.json
2018-12-18T02:11:35.895Z - normal: checking language setting...
2018-12-18T02:11:35.895Z - normal: Language: zh
2018-12-18T02:11:37.789Z - success: protocol editor-framework registered
2018-12-18T02:11:37.789Z - success: protocol app registered
2018-12-18T02:11:37.789Z - success: protocol theme registered
2018-12-18T02:11:37.789Z - success: protocol packages registered
2018-12-18T02:11:37.789Z - success: protocol unpack registerred
2018-12-18T02:11:37.790Z - success: protocol disable-commonjs registerred
2018-12-18T02:11:37.896Z - normal: connected!
2018-12-18T02:11:37.898Z - normal: Check project C:\Users\chen\Documents\bingo\bingo1\bingo
2018-12-18T02:11:37.900Z - normal: Initializing Cocos2d
2018-12-18T02:11:38.182Z - normal: Initializing Asset Database
2018-12-18T02:11:38.220Z - success: protocol uuid registerred
2018-12-18T02:11:38.220Z - success: protocol db registerred
2018-12-18T02:11:38.220Z - success: protocol thumbnail registerred
2018-12-18T02:11:38.220Z - normal: Loading editor/builtin packages
2018-12-18T02:11:38.243Z - success: anysdk loaded
2018-12-18T02:11:38.362Z - success: assets loaded
2018-12-18T02:11:38.364Z - success: builder loaded
2018-12-18T02:11:38.368Z - success: cocos-analytics loaded
2018-12-18T02:11:38.371Z - success: console loaded
2018-12-18T02:11:38.399Z - success: fb-instant-games loaded
2018-12-18T02:11:38.402Z - success: hierarchy loaded
2018-12-18T02:11:38.404Z - success: inspector loaded
2018-12-18T02:11:38.405Z - success: keystore loaded
2018-12-18T02:11:38.408Z - success: node-library loaded
2018-12-18T02:11:38.409Z - success: package-asset loaded
2018-12-18T02:11:38.412Z - success: preferences loaded
2018-12-18T02:11:38.413Z - success: project-exporter loaded
2018-12-18T02:11:38.432Z - success: project-importer loaded
2018-12-18T02:11:38.434Z - success: project-settings loaded
2018-12-18T02:11:38.436Z - success: ui-kit loaded
2018-12-18T02:11:38.437Z - success: ui-grid loaded
2018-12-18T02:11:38.440Z - success: scene loaded
2018-12-18T02:11:38.441Z - success: sprite-editor loaded
2018-12-18T02:11:38.445Z - success: store loaded
2018-12-18T02:11:38.449Z - success: timeline loaded
2018-12-18T02:11:38.449Z - normal: Loading builtin packages
2018-12-18T02:11:38.450Z - success: asset-db-debugger loaded
2018-12-18T02:11:38.452Z - success: code-editor loaded
2018-12-18T02:11:38.452Z - success: color-picker loaded
2018-12-18T02:11:38.454Z - success: package-manager loaded
2018-12-18T02:11:38.460Z - success: sdkbox loaded
2018-12-18T02:11:38.463Z - success: tester loaded
2018-12-18T02:11:38.465Z - success: ui-kit-preview-extra loaded
2018-12-18T02:11:38.466Z - success: ui-kit-preview loaded
2018-12-18T02:11:38.467Z - success: ui-tree loaded
2018-12-18T02:11:39.542Z - normal: Initializing project C:\Users\chen\Documents\bingo\bingo1\bingo
2018-12-18T02:11:39.545Z - normal: Loading packages
2018-12-18T02:11:39.550Z - normal: Watching packages
2018-12-18T02:11:39.552Z - normal: Run Application
2018-12-18T02:11:41.962Z - success: preview server running at http://localhost:7456
2018-12-18T02:11:45.922Z - normal: 1.9.1
2018-12-18T05:24:12.933Z - error: TypeError: Cannot read property 'uuid' of null
    at SVGGElement.t.addEventListener (C:\CocosCreator\resources\app.asar\editor\page\gizmos\elements\gizmo.js:1:4367)
2018-12-18T06:22:16.058Z - info: shutdown preview server
